[0.007s] Invoking command in '/home/min/dev_ws/urdf_study/build/urdf_study': CMAKE_PREFIX_PATH=/opt/ros/humble /usr/bin/cmake /home/min/dev_ws/urdf_study/src/urdf_study -DCMAKE_INSTALL_PREFIX=/home/min/dev_ws/urdf_study/install/urdf_study
[0.047s] -- The C compiler identification is GNU 11.4.0
[0.087s] -- The CXX compiler identification is GNU 11.4.0
[0.093s] -- Detecting C compiler ABI info
[0.143s] -- Detecting C compiler ABI info - done
[0.149s] -- Check for working C compiler: /usr/bin/cc - skipped
[0.149s] -- Detecting C compile features
[0.150s] -- Detecting C compile features - done
[0.152s] -- Detecting CXX compiler ABI info
[0.215s] -- Detecting CXX compiler ABI info - done
[0.222s] -- Check for working CXX compiler: /usr/bin/c++ - skipped
[0.223s] -- Detecting CXX compile features
[0.223s] -- Detecting CXX compile features - done
[0.224s] -- Found ament_cmake: 1.3.9 (/opt/ros/humble/share/ament_cmake/cmake)
[0.341s] -- Found Python3: /usr/bin/python3 (found version "3.10.12") found components: Interpreter 
[0.405s] -- Found ament_lint_auto: 0.12.11 (/opt/ros/humble/share/ament_lint_auto/cmake)
[0.463s] -- Added test 'lint_cmake' to check CMake code style
[0.464s] -- Added test 'xmllint' to check XML markup files
[0.464s] -- Configuring done
[0.466s] -- Generating done
[0.467s] -- Build files have been written to: /home/min/dev_ws/urdf_study/build/urdf_study
[0.470s] Invoked command in '/home/min/dev_ws/urdf_study/build/urdf_study' returned '0': CMAKE_PREFIX_PATH=/opt/ros/humble /usr/bin/cmake /home/min/dev_ws/urdf_study/src/urdf_study -DCMAKE_INSTALL_PREFIX=/home/min/dev_ws/urdf_study/install/urdf_study
[0.471s] Invoking command in '/home/min/dev_ws/urdf_study/build/urdf_study': CMAKE_PREFIX_PATH=/opt/ros/humble /usr/bin/cmake --build /home/min/dev_ws/urdf_study/build/urdf_study -- -j12 -l12
[0.501s] Invoked command in '/home/min/dev_ws/urdf_study/build/urdf_study' returned '0': CMAKE_PREFIX_PATH=/opt/ros/humble /usr/bin/cmake --build /home/min/dev_ws/urdf_study/build/urdf_study -- -j12 -l12
[0.525s] Invoking command in '/home/min/dev_ws/urdf_study/build/urdf_study': CMAKE_PREFIX_PATH=/opt/ros/humble /usr/bin/cmake --install /home/min/dev_ws/urdf_study/build/urdf_study
[0.531s] -- Install configuration: ""
[0.532s] -- Installing: /home/min/dev_ws/urdf_study/install/urdf_study/share/ament_index/resource_index/package_run_dependencies/urdf_study
[0.532s] -- Installing: /home/min/dev_ws/urdf_study/install/urdf_study/share/ament_index/resource_index/parent_prefix_path/urdf_study
[0.532s] -- Installing: /home/min/dev_ws/urdf_study/install/urdf_study/share/urdf_study/environment/ament_prefix_path.sh
[0.532s] -- Installing: /home/min/dev_ws/urdf_study/install/urdf_study/share/urdf_study/environment/ament_prefix_path.dsv
[0.532s] -- Installing: /home/min/dev_ws/urdf_study/install/urdf_study/share/urdf_study/environment/path.sh
[0.532s] -- Installing: /home/min/dev_ws/urdf_study/install/urdf_study/share/urdf_study/environment/path.dsv
[0.532s] -- Installing: /home/min/dev_ws/urdf_study/install/urdf_study/share/urdf_study/local_setup.bash
[0.532s] -- Installing: /home/min/dev_ws/urdf_study/install/urdf_study/share/urdf_study/local_setup.sh
[0.532s] -- Installing: /home/min/dev_ws/urdf_study/install/urdf_study/share/urdf_study/local_setup.zsh
[0.532s] -- Installing: /home/min/dev_ws/urdf_study/install/urdf_study/share/urdf_study/local_setup.dsv
[0.532s] -- Installing: /home/min/dev_ws/urdf_study/install/urdf_study/share/urdf_study/package.dsv
[0.533s] -- Installing: /home/min/dev_ws/urdf_study/install/urdf_study/share/ament_index/resource_index/packages/urdf_study
[0.533s] -- Installing: /home/min/dev_ws/urdf_study/install/urdf_study/share/urdf_study/cmake/urdf_studyConfig.cmake
[0.533s] -- Installing: /home/min/dev_ws/urdf_study/install/urdf_study/share/urdf_study/cmake/urdf_studyConfig-version.cmake
[0.533s] -- Installing: /home/min/dev_ws/urdf_study/install/urdf_study/share/urdf_study/package.xml
[0.534s] Invoked command in '/home/min/dev_ws/urdf_study/build/urdf_study' returned '0': CMAKE_PREFIX_PATH=/opt/ros/humble /usr/bin/cmake --install /home/min/dev_ws/urdf_study/build/urdf_study
