[0.009s] Invoking command in '/home/min/dev_ws/urdf_study/build/urdf_study': CMAKE_PREFIX_PATH=${CMAKE_PREFIX_PATH}:/opt/ros/humble /usr/bin/cmake --build /home/min/dev_ws/urdf_study/build/urdf_study -- -j12 -l12
[0.038s] Invoked command in '/home/min/dev_ws/urdf_study/build/urdf_study' returned '0': CMAKE_PREFIX_PATH=${CMAKE_PREFIX_PATH}:/opt/ros/humble /usr/bin/cmake --build /home/min/dev_ws/urdf_study/build/urdf_study -- -j12 -l12
[0.060s] Invoking command in '/home/min/dev_ws/urdf_study/build/urdf_study': CMAKE_PREFIX_PATH=${CMAKE_PREFIX_PATH}:/opt/ros/humble /usr/bin/cmake --install /home/min/dev_ws/urdf_study/build/urdf_study
[0.066s] -- Install configuration: ""
[0.066s] -- Up-to-date: /home/min/dev_ws/urdf_study/install/urdf_study/share/urdf_study/launch
[0.066s] -- Up-to-date: /home/min/dev_ws/urdf_study/install/urdf_study/share/urdf_study/launch/simple_display_1.launch.py
[0.066s] -- Up-to-date: /home/min/dev_ws/urdf_study/install/urdf_study/share/urdf_study/urdf
[0.066s] -- Up-to-date: /home/min/dev_ws/urdf_study/install/urdf_study/share/urdf_study/urdf/myfirst.urdf
[0.066s] -- Up-to-date: /home/min/dev_ws/urdf_study/install/urdf_study/share/ament_index/resource_index/package_run_dependencies/urdf_study
[0.066s] -- Up-to-date: /home/min/dev_ws/urdf_study/install/urdf_study/share/ament_index/resource_index/parent_prefix_path/urdf_study
[0.067s] -- Up-to-date: /home/min/dev_ws/urdf_study/install/urdf_study/share/urdf_study/environment/ament_prefix_path.sh
[0.067s] -- Up-to-date: /home/min/dev_ws/urdf_study/install/urdf_study/share/urdf_study/environment/ament_prefix_path.dsv
[0.067s] -- Up-to-date: /home/min/dev_ws/urdf_study/install/urdf_study/share/urdf_study/environment/path.sh
[0.067s] -- Up-to-date: /home/min/dev_ws/urdf_study/install/urdf_study/share/urdf_study/environment/path.dsv
[0.067s] -- Up-to-date: /home/min/dev_ws/urdf_study/install/urdf_study/share/urdf_study/local_setup.bash
[0.067s] -- Up-to-date: /home/min/dev_ws/urdf_study/install/urdf_study/share/urdf_study/local_setup.sh
[0.067s] -- Up-to-date: /home/min/dev_ws/urdf_study/install/urdf_study/share/urdf_study/local_setup.zsh
[0.067s] -- Up-to-date: /home/min/dev_ws/urdf_study/install/urdf_study/share/urdf_study/local_setup.dsv
[0.067s] -- Installing: /home/min/dev_ws/urdf_study/install/urdf_study/share/urdf_study/package.dsv
[0.067s] -- Up-to-date: /home/min/dev_ws/urdf_study/install/urdf_study/share/ament_index/resource_index/packages/urdf_study
[0.067s] -- Up-to-date: /home/min/dev_ws/urdf_study/install/urdf_study/share/urdf_study/cmake/urdf_studyConfig.cmake
[0.067s] -- Up-to-date: /home/min/dev_ws/urdf_study/install/urdf_study/share/urdf_study/cmake/urdf_studyConfig-version.cmake
[0.067s] -- Up-to-date: /home/min/dev_ws/urdf_study/install/urdf_study/share/urdf_study/package.xml
[0.068s] Invoked command in '/home/min/dev_ws/urdf_study/build/urdf_study' returned '0': CMAKE_PREFIX_PATH=${CMAKE_PREFIX_PATH}:/opt/ros/humble /usr/bin/cmake --install /home/min/dev_ws/urdf_study/build/urdf_study
